<?xml version="1.0" encoding="UTF-8"?>
<!-- Generated by org.testng.reporters.JUnitReportReporter -->
<testsuite skipped="0" hostname="MYTSP01807" name="com.eaton.api.tests.v1.P1_SecurityTokenAPITests" tests="1" failures="0" timestamp="2021-02-23T14:46:05 IST" time="1.459" errors="0">
  <testcase name="successfullyLogin" time="1.459" classname="com.eaton.api.tests.v1.P1_SecurityTokenAPITests"/>
  <system-out/>
</testsuite> <!-- com.eaton.api.tests.v1.P1_SecurityTokenAPITests -->
