<?xml version="1.0" encoding="UTF-8"?>
<!-- Generated by org.testng.reporters.JUnitReportReporter -->
<testsuite skipped="0" hostname="MYTSP01807" name="com.eaton.easdr.api.tests.P1_SecurityTokenAPITests" tests="1" failures="0" timestamp="2021-02-24T17:38:01 IST" time="2.072" errors="0">
  <testcase name="api_P1_success" time="2.072" classname="com.eaton.easdr.api.tests.P1_SecurityTokenAPITests"/>
  <system-out/>
</testsuite> <!-- com.eaton.easdr.api.tests.P1_SecurityTokenAPITests -->
