<?xml version="1.0" encoding="UTF-8"?>
<testsuite name="com.eaton.api.tests.v1.P1_SecurityTokenAPITests" tests="1" skipped="0" failures="0" errors="0" timestamp="2021-02-23T11:21:13" hostname="MYTSP01807" time="1.479">
  <properties/>
  <testcase name="successfullyLogin" classname="com.eaton.api.tests.v1.P1_SecurityTokenAPITests" time="1.479"/>
  <system-out><![CDATA[{"serviceAccountId":"a10cfc64-1b4c-4583-aa0e-ba94720ce82c","secret":"IMxm39~n5-Os8d9Af3PP8yC-RLAm_SdFvF"}
Request method:	POST
Request URI:	https://eas-all-apim-eus-dev.azure-api.net/serviceAccount/token
Proxy:			<none>
Request params:	<none>
Query params:	<none>
Form params:	<none>
Path params:	<none>
Headers:		Accept=application/json
				Ocp-Apim-Subscription-Key=8e665bf2ef41412285b164af82710525
				Content-Type=application/json; charset=UTF-8
Cookies:		<none>
Multiparts:		<none>
Body:
{
    "serviceAccountId": "a10cfc64-1b4c-4583-aa0e-ba94720ce82c",
    "secret": "IMxm39~n5-Os8d9Af3PP8yC-RLAm_SdFvF"
}
HTTP/1.1 200 OK
Transfer-Encoding: chunked
Content-Type: application/json; charset=utf-8
Content-Encoding: gzip
Vary: Accept-Encoding
Request-Context: appId=cid-v1:648365df-e986-465f-bb15-487d53a8d2b5
Set-Cookie: ARRAffinity=1b2d4ddc5c33dd122430958a08e7979805a1fd99794b1ec910c75e3efba888cb;Path=/;HttpOnly;Domain=eas-sec-afx-eus-dev.azurewebsites.net
Set-Cookie: ARRAffinity=8528420ccde62e3f7e0853edb739a8d6354b7e2ef9fb495e896bc5189e88015e;Path=/;HttpOnly;Secure;Domain=eas-sec-afx-eus-dev.azurewebsites.net
Set-Cookie: ARRAffinitySameSite=8528420ccde62e3f7e0853edb739a8d6354b7e2ef9fb495e896bc5189e88015e;Path=/;HttpOnly;SameSite=None;Secure;Domain=eas-sec-afx-eus-dev.azurewebsites.net
Date: Tue, 23 Feb 2021 11:21:15 GMT

{
    "Token": "eyJ0eXAiOiJKV1QiLCJhbGciOiJSUzI1NiIsIng1dCI6Im5PbzNaRHJPRFhFSzFqS1doWHNsSFJfS1hFZyIsImtpZCI6Im5PbzNaRHJPRFhFSzFqS1doWHNsSFJfS1hFZyJ9.eyJhdWQiOiJodHRwczovL2VhdG9uaW90YWRvcHRlcmFkYjJjLm9ubWljcm9zb2Z0LmNvbS9hZG9wdGVyd2ViYXBpc2VydmljZSIsImlzcyI6Imh0dHBzOi8vc3RzLndpbmRvd3MubmV0L2IzY2ZkM2E1LTczMWItNDhlNy1hYTg1LTlhMGUwNTg3MDQ1My8iLCJpYXQiOjE2MTQwNzg5NzUsIm5iZiI6MTYxNDA3ODk3NSwiZXhwIjoxNjE0MDgyODc1LCJhaW8iOiJFMlpnWUxpVHNzZktUS2x6bGtGdzNoS3Z5WmIyQUE9PSIsImFwcGlkIjoiYTEwY2ZjNjQtMWI0Yy00NTgzLWFhMGUtYmE5NDcyMGNlODJjIiwiYXBwaWRhY3IiOiIxIiwiaWRwIjoiaHR0cHM6Ly9zdHMud2luZG93cy5uZXQvYjNjZmQzYTUtNzMxYi00OGU3LWFhODUtOWEwZTA1ODcwNDUzLyIsInJoIjoiMC5BQUFBcGRQUHN4dHo1MGlxaFpvT0JZY0VVMlQ4REtGTUc0TkZxZzY2bEhJTTZDd1ZBQUEuIiwidGlkIjoiYjNjZmQzYTUtNzMxYi00OGU3LWFhODUtOWEwZTA1ODcwNDUzIiwidXRpIjoiY0RCcXVfcDRFVWk5cmgxRWhjMWNBQSIsInZlciI6IjEuMCJ9.Vxa3_3RA7dHf1whDwYQ-7utgGX1iJnh1Cdnmi9r1J1VYy5rJuhf6I-kNlsot9ds58ms1ERWZcBxEFOvT3IFZIGcVqNFjZpM91RqSjDCjcQtRHVwbsPK-3ZB84pWw82372sKflXlhaxWMGedNvlqT4ddAYT4rh_MB0EKo86zaFtWhmiYH1R4DsoKi1lw0KbydvlLC5sayRx5TJ7cPVmoaEE8lGoYtkA3AzeRyHmhZHtwTO7dR_6GDoyDHmEZ9LNgBxXoFrBr3jo5suRXOxaxKUdPu6hE_-tml1ZIgmlCSw29EUAFYQAT_C900BrJC8PhrjoRIWOUn7nDgM9EMCBi6-w"
}
{
    "Token": "eyJ0eXAiOiJKV1QiLCJhbGciOiJSUzI1NiIsIng1dCI6Im5PbzNaRHJPRFhFSzFqS1doWHNsSFJfS1hFZyIsImtpZCI6Im5PbzNaRHJPRFhFSzFqS1doWHNsSFJfS1hFZyJ9.eyJhdWQiOiJodHRwczovL2VhdG9uaW90YWRvcHRlcmFkYjJjLm9ubWljcm9zb2Z0LmNvbS9hZG9wdGVyd2ViYXBpc2VydmljZSIsImlzcyI6Imh0dHBzOi8vc3RzLndpbmRvd3MubmV0L2IzY2ZkM2E1LTczMWItNDhlNy1hYTg1LTlhMGUwNTg3MDQ1My8iLCJpYXQiOjE2MTQwNzg5NzUsIm5iZiI6MTYxNDA3ODk3NSwiZXhwIjoxNjE0MDgyODc1LCJhaW8iOiJFMlpnWUxpVHNzZktUS2x6bGtGdzNoS3Z5WmIyQUE9PSIsImFwcGlkIjoiYTEwY2ZjNjQtMWI0Yy00NTgzLWFhMGUtYmE5NDcyMGNlODJjIiwiYXBwaWRhY3IiOiIxIiwiaWRwIjoiaHR0cHM6Ly9zdHMud2luZG93cy5uZXQvYjNjZmQzYTUtNzMxYi00OGU3LWFhODUtOWEwZTA1ODcwNDUzLyIsInJoIjoiMC5BQUFBcGRQUHN4dHo1MGlxaFpvT0JZY0VVMlQ4REtGTUc0TkZxZzY2bEhJTTZDd1ZBQUEuIiwidGlkIjoiYjNjZmQzYTUtNzMxYi00OGU3LWFhODUtOWEwZTA1ODcwNDUzIiwidXRpIjoiY0RCcXVfcDRFVWk5cmgxRWhjMWNBQSIsInZlciI6IjEuMCJ9.Vxa3_3RA7dHf1whDwYQ-7utgGX1iJnh1Cdnmi9r1J1VYy5rJuhf6I-kNlsot9ds58ms1ERWZcBxEFOvT3IFZIGcVqNFjZpM91RqSjDCjcQtRHVwbsPK-3ZB84pWw82372sKflXlhaxWMGedNvlqT4ddAYT4rh_MB0EKo86zaFtWhmiYH1R4DsoKi1lw0KbydvlLC5sayRx5TJ7cPVmoaEE8lGoYtkA3AzeRyHmhZHtwTO7dR_6GDoyDHmEZ9LNgBxXoFrBr3jo5suRXOxaxKUdPu6hE_-tml1ZIgmlCSw29EUAFYQAT_C900BrJC8PhrjoRIWOUn7nDgM9EMCBi6-w"
}
]]></system-out>
  <system-err><![CDATA[]]></system-err>
</testsuite>
