<?xml version="1.0" encoding="UTF-8"?>
<!-- Generated by org.testng.reporters.JUnitReportReporter -->
<testsuite skipped="0" hostname="MYTSP01807" name="com.eaton.easdr.api.tests.P1_SecurityTokenAPITests" tests="2" failures="0" timestamp="2021-02-26T17:54:32 IST" time="8.305" errors="0">
  <testcase name="api_P1_invalidID" time="7.021" classname="com.eaton.easdr.api.tests.P1_SecurityTokenAPITests"/>
  <system-out/>
  <testcase name="api_P1_invalidID" time="1.284" classname="com.eaton.easdr.api.tests.P1_SecurityTokenAPITests"/>
  <system-out/>
</testsuite> <!-- com.eaton.easdr.api.tests.P1_SecurityTokenAPITests -->
