<?xml version="1.0" encoding="UTF-8"?>
<!-- Generated by org.testng.reporters.JUnitReportReporter -->
<testsuite skipped="0" hostname="MYTSP01807" name="com.eaton.api.tests.v1.P1_SecurityTokenAPITests" tests="2" failures="0" timestamp="2021-02-24T14:05:39 IST" time="1.646" errors="0">
  <testcase name="successfullyLogin_BP" time="1.630" classname="com.eaton.api.tests.v1.P1_SecurityTokenAPITests"/>
  <system-out/>
  <testcase name="temp" time="0.016" classname="com.eaton.api.tests.v1.P1_SecurityTokenAPITests"/>
  <system-out/>
</testsuite> <!-- com.eaton.api.tests.v1.P1_SecurityTokenAPITests -->
